<?xml version="1.0" encoding="UTF-8"?>
<!-- Generated by org.testng.reporters.JUnitXMLReporter -->
<testsuite ignored="0" hostname="DESKTOP-VOTC" failures="0" tests="18" name="Default test" time="3.112" errors="0" timestamp="2024-11-07T01:18:05 BRT">
  <testcase classname="com.application.signup.api.ApplicationSignupApiApplicationTests" name="signupCheckIfThereIsNoUserRegistered" time="1.183"/>
  <testcase classname="com.application.signup.api.ApplicationSignupApiApplicationTests" name="signupCreateUserFailureDueEmptyEmail" time="0.159"/>
  <testcase classname="com.application.signup.api.ApplicationSignupApiApplicationTests" name="signupCreateUserFailureDueEmptyPassword" time="0.083"/>
  <testcase classname="com.application.signup.api.ApplicationSignupApiApplicationTests" name="signupCreateUserFailureDueEmptyUsername" time="0.076"/>
  <testcase classname="com.application.signup.api.ApplicationSignupApiApplicationTests" name="signupCreateUserFailureDueNotWellFormedEmail" time="0.074"/>
  <testcase classname="com.application.signup.api.ApplicationSignupApiApplicationTests" name="signupCreateUserFailureDueWrongPasswordCharactersSize" time="0.072"/>
  <testcase classname="com.application.signup.api.ApplicationSignupApiApplicationTests" name="signupCreateUserFailureDueWrongUsernameCharactersSize" time="0.072"/>
  <testcase classname="com.application.signup.api.ApplicationSignupApiApplicationTests" name="signupCreateUserFailurePasswordDueMissingLowercaseCharacter" time="0.071"/>
  <testcase classname="com.application.signup.api.ApplicationSignupApiApplicationTests" name="signupCreateUserFailurePasswordDueMissingNumericCharacter" time="0.077"/>
  <testcase classname="com.application.signup.api.ApplicationSignupApiApplicationTests" name="signupCreateUserFailurePasswordDueMissingSpecialCharacter" time="0.073"/>
  <testcase classname="com.application.signup.api.ApplicationSignupApiApplicationTests" name="signupCreateUserFailurePasswordDueMissingUppercaseCharacter" time="0.076"/>
  <testcase classname="com.application.signup.api.ApplicationSignupApiApplicationTests" name="signupCreateUserSuccessDueFilledUsernameEmailPassword" time="0.29"/>
  <testcase classname="com.application.signup.api.ApplicationSignupApiApplicationTests" name="signupCreateUserFailedDueUserDuplicated" time="0.149"/>
  <testcase classname="com.application.signup.api.ApplicationSignupApiApplicationTests" name="signupCreateUserFailedDueEmailDuplicated" time="0.139"/>
  <testcase classname="com.application.signup.api.ApplicationSignupApiApplicationTests" name="signupCreateUserFailedDueUsernameAlreadyInUse" time="0.152"/>
  <testcase classname="com.application.signup.api.ApplicationSignupApiApplicationTests" name="signupCreateUserFailedDueEmailAlreadyInUse" time="0.14"/>
  <testcase classname="com.application.signup.api.ApplicationSignupApiApplicationTests" name="signupFindAllUsers" time="0.083"/>
  <testcase classname="com.application.signup.api.ApplicationSignupApiApplicationTests" name="signupFindUserById" time="0.094"/>
</testsuite> <!-- Default test -->
