<?xml version="1.0" encoding="UTF-8"?>
<!-- Generated by org.testng.reporters.JUnitXMLReporter -->
<testsuite ignored="0" hostname="DESKTOP-VOTC" failures="0" tests="18" name="Default test" time="1.887" errors="0" timestamp="2024-11-07T01:22:27 BRT">
  <testcase classname="com.application.signup.api.ApplicationSignupApiApplicationTests" name="signupCreateUserFailureDueEmptyEmail" time="0.184"/>
  <testcase classname="com.application.signup.api.ApplicationSignupApiApplicationTests" name="signupCreateUserFailureDueEmptyPassword" time="0.1"/>
  <testcase classname="com.application.signup.api.ApplicationSignupApiApplicationTests" name="signupCreateUserFailureDueEmptyUsername" time="0.018"/>
  <testcase classname="com.application.signup.api.ApplicationSignupApiApplicationTests" name="signupCreateUserFailureDueNotWellFormedEmail" time="0.07"/>
  <testcase classname="com.application.signup.api.ApplicationSignupApiApplicationTests" name="signupCreateUserFailureDueWrongPasswordCharactersSize" time="0.072"/>
  <testcase classname="com.application.signup.api.ApplicationSignupApiApplicationTests" name="signupCreateUserFailureDueWrongUsernameCharactersSize" time="0.082"/>
  <testcase classname="com.application.signup.api.ApplicationSignupApiApplicationTests" name="signupCreateUserFailurePasswordDueMissingLowercaseCharacter" time="0.07"/>
  <testcase classname="com.application.signup.api.ApplicationSignupApiApplicationTests" name="signupCreateUserFailurePasswordDueMissingNumericCharacter" time="0.075"/>
  <testcase classname="com.application.signup.api.ApplicationSignupApiApplicationTests" name="signupCreateUserFailurePasswordDueMissingSpecialCharacter" time="0.077"/>
  <testcase classname="com.application.signup.api.ApplicationSignupApiApplicationTests" name="signupCreateUserFailurePasswordDueMissingUppercaseCharacter" time="0.073"/>
  <testcase classname="com.application.signup.api.ApplicationSignupApiApplicationTests" name="signupCheckIfThereIsNoUserRegistered" time="0.423"/>
  <testcase classname="com.application.signup.api.ApplicationSignupApiApplicationTests" name="signupCreateUserSuccessDueFilledUsernameEmailPassword" time="0.225"/>
  <testcase classname="com.application.signup.api.ApplicationSignupApiApplicationTests" name="signupCreateUserFailedDueUserDuplicated" time="0.089"/>
  <testcase classname="com.application.signup.api.ApplicationSignupApiApplicationTests" name="signupCreateUserFailedDueEmailDuplicated" time="0.078"/>
  <testcase classname="com.application.signup.api.ApplicationSignupApiApplicationTests" name="signupCreateUserFailedDueUsernameAlreadyInUse" time="0.08"/>
  <testcase classname="com.application.signup.api.ApplicationSignupApiApplicationTests" name="signupCreateUserFailedDueEmailAlreadyInUse" time="0.079"/>
  <testcase classname="com.application.signup.api.ApplicationSignupApiApplicationTests" name="signupFindAllUsers" time="0.024"/>
  <testcase classname="com.application.signup.api.ApplicationSignupApiApplicationTests" name="signupFindUserById" time="0.026"/>
</testsuite> <!-- Default test -->
